#
# There is insufficient memory for the Java Runtime Environment to continue.
# Native memory allocation (malloc) failed to allocate 32744 bytes for Chunk::new
# Possible reasons:
#   The system is out of physical RAM or swap space
#   The process is running with CompressedOops enabled, and the Java Heap may be blocking the growth of the native heap
# Possible solutions:
#   Reduce memory load on the system
#   Increase physical memory or swap space
#   Check if swap backing store is full
#   Decrease Java heap size (-Xmx/-Xms)
#   Decrease number of Java threads
#   Decrease Java thread stack sizes (-Xss)
#   Set larger code cache with -XX:ReservedCodeCacheSize=
#   JVM is running with Unscaled Compressed Oops mode in which the Java heap is
#     placed in the first 4GB address space. The Java Heap base address is the
#     maximum limit for the native heap growth. Please use -XX:HeapBaseMinAddress
#     to set the Java Heap base and to place the Java Heap above 4GB virtual address.
# This output file may be truncated or incomplete.
#
#  Out of Memory Error (arena.cpp:184), pid=7612, tid=14200
#
# JRE version: Java(TM) SE Runtime Environment (19.0.1+10) (build 19.0.1+10-21)
# Java VM: Java HotSpot(TM) 64-Bit Server VM (19.0.1+10-21, mixed mode, tiered, compressed oops, compressed class ptrs, g1 gc, windows-amd64)
# No core dump will be written. Minidumps are not enabled by default on client versions of Windows
#

---------------  S U M M A R Y ------------

Command Line: -Dfile.encoding=UTF-8 -Dstdout.encoding=UTF-8 -Dstderr.encoding=UTF-8 --module-path=D:\Class\Questions\bin -XX:+ShowCodeDetailsInExceptionMessages -Djdk.module.main=Questions Questions/Array.Arr_In

Host: Intel(R) Core(TM) i5-7200U CPU @ 2.50GHz, 4 cores, 7G,  Windows 10 , 64 bit Build 19041 (10.0.19041.4597)
Time: Fri Jul 19 07:08:01 2024 India Standard Time elapsed time: 0.510599 seconds (0d 0h 0m 0s)

---------------  T H R E A D  ---------------

Current thread (0x0000015d931bd6d0):  JavaThread "C1 CompilerThread0" daemon [_thread_in_native, id=14200, stack(0x000000056cf00000,0x000000056d000000)]


Current CompileTask:
C1:    510  135   !   3       sun.nio.fs.WindowsPath::initOffsets (153 bytes)

Stack: [0x000000056cf00000,0x000000056d000000]
Native frames: (J=compiled Java code, j=interpreted, Vv=VM code, C=native code)
V  [jvm.dll+0x6ee8fa]
V  [jvm.dll+0x857a1e]
V  [jvm.dll+0x85940e]
V  [jvm.dll+0x859ac3]
V  [jvm.dll+0x28291f]
V  [jvm.dll+0xc9b5f]
V  [jvm.dll+0xc9ee5]
V  [jvm.dll+0x13d1cf]
V  [jvm.dll+0x18f521]
V  [jvm.dll+0x18adfe]
V  [jvm.dll+0x178ab0]
V  [jvm.dll+0x1616b7]
V  [jvm.dll+0x161022]
V  [jvm.dll+0x161278]
V  [jvm.dll+0x1606d6]
V  [jvm.dll+0x1623cd]
V  [jvm.dll+0x25b0fa]
V  [jvm.dll+0x259588]
V  [jvm.dll+0x807928]
V  [jvm.dll+0x8015fa]
V  [jvm.dll+0x6ed5eb]
C  [ucrtbase.dll+0x21bb2]
C  [KERNEL32.DLL+0x17374]
C  [ntdll.dll+0x4cc91]


---------------  P R O C E S S  ---------------

Threads class SMR info:
_java_thread_list=0x0000015d932931e0, length=11, elements={
0x0000015dea9b28d0, 0x0000015df998e140, 0x0000015d9315cbc0, 0x0000015d93166a60,
0x0000015d9313d870, 0x0000015d9313e1a0, 0x0000015d9313ead0, 0x0000015d9313f730,
0x0000015d931bd6d0, 0x0000015d931c2410, 0x0000015d9338e020
}

Java Threads: ( => current thread )
  0x0000015dea9b28d0 JavaThread "main" [_thread_in_vm, id=13808, stack(0x000000056c100000,0x000000056c200000)]
  0x0000015df998e140 JavaThread "Reference Handler" daemon [_thread_blocked, id=2428, stack(0x000000056c800000,0x000000056c900000)]
  0x0000015d9315cbc0 JavaThread "Finalizer" daemon [_thread_blocked, id=3120, stack(0x000000056c900000,0x000000056ca00000)]
  0x0000015d93166a60 JavaThread "Signal Dispatcher" daemon [_thread_blocked, id=13116, stack(0x000000056ca00000,0x000000056cb00000)]
  0x0000015d9313d870 JavaThread "Attach Listener" daemon [_thread_blocked, id=2560, stack(0x000000056cb00000,0x000000056cc00000)]
  0x0000015d9313e1a0 JavaThread "Service Thread" daemon [_thread_blocked, id=14116, stack(0x000000056cc00000,0x000000056cd00000)]
  0x0000015d9313ead0 JavaThread "Monitor Deflation Thread" daemon [_thread_blocked, id=12440, stack(0x000000056cd00000,0x000000056ce00000)]
  0x0000015d9313f730 JavaThread "C2 CompilerThread0" daemon [_thread_in_native, id=5948, stack(0x000000056ce00000,0x000000056cf00000)]
=>0x0000015d931bd6d0 JavaThread "C1 CompilerThread0" daemon [_thread_in_native, id=14200, stack(0x000000056cf00000,0x000000056d000000)]
  0x0000015d931c2410 JavaThread "Sweeper thread" daemon [_thread_blocked, id=2032, stack(0x000000056d000000,0x000000056d100000)]
  0x0000015d9338e020 JavaThread "Notification Thread" daemon [_thread_blocked, id=10908, stack(0x000000056d100000,0x000000056d200000)]

Other Threads:
  0x0000015df9905330 VMThread "VM Thread" [stack: 0x000000056c700000,0x000000056c800000] [id=8472]
  0x0000015d93312cb0 WatcherThread "VM Periodic Task Thread" [stack: 0x000000056d200000,0x000000056d300000] [id=12008]
  0x0000015deaa0f1c0 WorkerThread "GC Thread#0" [stack: 0x000000056c200000,0x000000056c300000] [id=13636]
  0x0000015deaa22650 ConcurrentGCThread "G1 Main Marker" [stack: 0x000000056c300000,0x000000056c400000] [id=14000]
  0x0000015deaa23fa0 WorkerThread "G1 Conc#0" [stack: 0x000000056c400000,0x000000056c500000] [id=660]
  0x0000015deaa7e250 ConcurrentGCThread "G1 Refine#0" [stack: 0x000000056c500000,0x000000056c600000] [id=5928]
  0x0000015deaa7eca0 ConcurrentGCThread "G1 Service" [stack: 0x000000056c600000,0x000000056c700000] [id=13184]

Threads with active compile tasks:
C2 CompilerThread0      563  140       4       java.lang.String::length (11 bytes)
C1 CompilerThread0      563  135   !   3       sun.nio.fs.WindowsPath::initOffsets (153 bytes)

VM state: not at safepoint (normal execution)

VM Mutex/Monitor currently owned by a thread: None

OutOfMemory and StackOverflow Exception counts:
StackOverflowErrors=1
LinkageErrors=1

Heap address: 0x0000000081a00000, size: 2022 MB, Compressed Oops mode: 32-bit

CDS archive(s) not mapped
Compressed class space mapped at: 0x0000000100000000-0x0000000140000000, reserved size: 1073741824
Narrow klass base: 0x0000000000000000, Narrow klass shift: 3, Narrow klass range: 0x140000000

GC Precious Log:
 CardTable entry size: 512
 Card Set container configuration: InlinePtr #cards 5 size 8 Array Of Cards #cards 12 size 40 Howl #buckets 4 coarsen threshold 1843 Howl Bitmap #cards 512 size 80 coarsen threshold 460 Card regions per heap region 1 cards per card region 2048
 CPUs: 4 total, 4 available
 Memory: 8083M
 Large Page Support: Disabled
 NUMA Support: Disabled
 Compressed Oops: Enabled (32-bit)
 Heap Region Size: 1M
 Heap Min Capacity: 8M
 Heap Initial Capacity: 128M
 Heap Max Capacity: 2022M
 Pre-touch: Disabled
 Parallel Workers: 4
 Concurrent Workers: 1
 Concurrent Refinement Workers: 4
 Periodic GC: Disabled

Heap:
 garbage-first heap   total 131072K, used 2048K [0x0000000081a00000, 0x0000000100000000)
  region size 1024K, 3 young (3072K), 0 survivors (0K)
 Metaspace       used 6602K, committed 6720K, reserved 1114112K
  class space    used 540K, committed 576K, reserved 1048576K

Heap Regions: E=young(eden), S=young(survivor), O=old, HS=humongous(starts), HC=humongous(continues), CS=collection set, F=free, OA=open archive, CA=closed archive, TAMS=top-at-mark-start (previous, next)
|   0|0x0000000081a00000, 0x0000000081a00000, 0x0000000081b00000|  0%| F|  |TAMS 0x0000000081a00000, 0x0000000081a00000| Untracked 
|   1|0x0000000081b00000, 0x0000000081b00000, 0x0000000081c00000|  0%| F|  |TAMS 0x0000000081b00000, 0x0000000081b00000| Untracked 
|   2|0x0000000081c00000, 0x0000000081c00000, 0x0000000081d00000|  0%| F|  |TAMS 0x0000000081c00000, 0x0000000081c00000| Untracked 
|   3|0x0000000081d00000, 0x0000000081d00000, 0x0000000081e00000|  0%| F|  |TAMS 0x0000000081d00000, 0x0000000081d00000| Untracked 
|   4|0x0000000081e00000, 0x0000000081e00000, 0x0000000081f00000|  0%| F|  |TAMS 0x0000000081e00000, 0x0000000081e00000| Untracked 
|   5|0x0000000081f00000, 0x0000000081f00000, 0x0000000082000000|  0%| F|  |TAMS 0x0000000081f00000, 0x0000000081f00000| Untracked 
|   6|0x0000000082000000, 0x0000000082000000, 0x0000000082100000|  0%| F|  |TAMS 0x0000000082000000, 0x0000000082000000| Untracked 
|   7|0x0000000082100000, 0x0000000082100000, 0x0000000082200000|  0%| F|  |TAMS 0x0000000082100000, 0x0000000082100000| Untracked 
|   8|0x0000000082200000, 0x0000000082200000, 0x0000000082300000|  0%| F|  |TAMS 0x0000000082200000, 0x0000000082200000| Untracked 
|   9|0x0000000082300000, 0x0000000082300000, 0x0000000082400000|  0%| F|  |TAMS 0x0000000082300000, 0x0000000082300000| Untracked 
|  10|0x0000000082400000, 0x0000000082400000, 0x0000000082500000|  0%| F|  |TAMS 0x0000000082400000, 0x0000000082400000| Untracked 
|  11|0x0000000082500000, 0x0000000082500000, 0x0000000082600000|  0%| F|  |TAMS 0x0000000082500000, 0x0000000082500000| Untracked 
|  12|0x0000000082600000, 0x0000000082600000, 0x0000000082700000|  0%| F|  |TAMS 0x0000000082600000, 0x0000000082600000| Untracked 
|  13|0x0000000082700000, 0x0000000082700000, 0x0000000082800000|  0%| F|  |TAMS 0x0000000082700000, 0x0000000082700000| Untracked 
|  14|0x0000000082800000, 0x0000000082800000, 0x0000000082900000|  0%| F|  |TAMS 0x0000000082800000, 0x0000000082800000| Untracked 
|  15|0x0000000082900000, 0x0000000082900000, 0x0000000082a00000|  0%| F|  |TAMS 0x0000000082900000, 0x0000000082900000| Untracked 
|  16|0x0000000082a00000, 0x0000000082a00000, 0x0000000082b00000|  0%| F|  |TAMS 0x0000000082a00000, 0x0000000082a00000| Untracked 
|  17|0x0000000082b00000, 0x0000000082b00000, 0x0000000082c00000|  0%| F|  |TAMS 0x0000000082b00000, 0x0000000082b00000| Untracked 
|  18|0x0000000082c00000, 0x0000000082c00000, 0x0000000082d00000|  0%| F|  |TAMS 0x0000000082c00000, 0x0000000082c00000| Untracked 
|  19|0x0000000082d00000, 0x0000000082d00000, 0x0000000082e00000|  0%| F|  |TAMS 0x0000000082d00000, 0x0000000082d00000| Untracked 
|  20|0x0000000082e00000, 0x0000000082e00000, 0x0000000082f00000|  0%| F|  |TAMS 0x0000000082e00000, 0x0000000082e00000| Untracked 
|  21|0x0000000082f00000, 0x0000000082f00000, 0x0000000083000000|  0%| F|  |TAMS 0x0000000082f00000, 0x0000000082f00000| Untracked 
|  22|0x0000000083000000, 0x0000000083000000, 0x0000000083100000|  0%| F|  |TAMS 0x0000000083000000, 0x0000000083000000| Untracked 
|  23|0x0000000083100000, 0x0000000083100000, 0x0000000083200000|  0%| F|  |TAMS 0x0000000083100000, 0x0000000083100000| Untracked 
|  24|0x0000000083200000, 0x0000000083200000, 0x0000000083300000|  0%| F|  |TAMS 0x0000000083200000, 0x0000000083200000| Untracked 
|  25|0x0000000083300000, 0x0000000083300000, 0x0000000083400000|  0%| F|  |TAMS 0x0000000083300000, 0x0000000083300000| Untracked 
|  26|0x0000000083400000, 0x0000000083400000, 0x0000000083500000|  0%| F|  |TAMS 0x0000000083400000, 0x0000000083400000| Untracked 
|  27|0x0000000083500000, 0x0000000083500000, 0x0000000083600000|  0%| F|  |TAMS 0x0000000083500000, 0x0000000083500000| Untracked 
|  28|0x0000000083600000, 0x0000000083600000, 0x0000000083700000|  0%| F|  |TAMS 0x0000000083600000, 0x0000000083600000| Untracked 
|  29|0x0000000083700000, 0x0000000083700000, 0x0000000083800000|  0%| F|  |TAMS 0x0000000083700000, 0x0000000083700000| Untracked 
|  30|0x0000000083800000, 0x0000000083800000, 0x0000000083900000|  0%| F|  |TAMS 0x0000000083800000, 0x0000000083800000| Untracked 
|  31|0x0000000083900000, 0x0000000083900000, 0x0000000083a00000|  0%| F|  |TAMS 0x0000000083900000, 0x0000000083900000| Untracked 
|  32|0x0000000083a00000, 0x0000000083a00000, 0x0000000083b00000|  0%| F|  |TAMS 0x0000000083a00000, 0x0000000083a00000| Untracked 
|  33|0x0000000083b00000, 0x0000000083b00000, 0x0000000083c00000|  0%| F|  |TAMS 0x0000000083b00000, 0x0000000083b00000| Untracked 
|  34|0x0000000083c00000, 0x0000000083c00000, 0x0000000083d00000|  0%| F|  |TAMS 0x0000000083c00000, 0x0000000083c00000| Untracked 
|  35|0x0000000083d00000, 0x0000000083d00000, 0x0000000083e00000|  0%| F|  |TAMS 0x0000000083d00000, 0x0000000083d00000| Untracked 
|  36|0x0000000083e00000, 0x0000000083e00000, 0x0000000083f00000|  0%| F|  |TAMS 0x0000000083e00000, 0x0000000083e00000| Untracked 
|  37|0x0000000083f00000, 0x0000000083f00000, 0x0000000084000000|  0%| F|  |TAMS 0x0000000083f00000, 0x0000000083f00000| Untracked 
|  38|0x0000000084000000, 0x0000000084000000, 0x0000000084100000|  0%| F|  |TAMS 0x0000000084000000, 0x0000000084000000| Untracked 
|  39|0x0000000084100000, 0x0000000084100000, 0x0000000084200000|  0%| F|  |TAMS 0x0000000084100000, 0x0000000084100000| Untracked 
|  40|0x0000000084200000, 0x0000000084200000, 0x0000000084300000|  0%| F|  |TAMS 0x0000000084200000, 0x0000000084200000| Untracked 
|  41|0x0000000084300000, 0x0000000084300000, 0x0000000084400000|  0%| F|  |TAMS 0x0000000084300000, 0x0000000084300000| Untracked 
|  42|0x0000000084400000, 0x0000000084400000, 0x0000000084500000|  0%| F|  |TAMS 0x0000000084400000, 0x0000000084400000| Untracked 
|  43|0x0000000084500000, 0x0000000084500000, 0x0000000084600000|  0%| F|  |TAMS 0x0000000084500000, 0x0000000084500000| Untracked 
|  44|0x0000000084600000, 0x0000000084600000, 0x0000000084700000|  0%| F|  |TAMS 0x0000000084600000, 0x0000000084600000| Untracked 
|  45|0x0000000084700000, 0x0000000084700000, 0x0000000084800000|  0%| F|  |TAMS 0x0000000084700000, 0x0000000084700000| Untracked 
|  46|0x0000000084800000, 0x0000000084800000, 0x0000000084900000|  0%| F|  |TAMS 0x0000000084800000, 0x0000000084800000| Untracked 
|  47|0x0000000084900000, 0x0000000084900000, 0x0000000084a00000|  0%| F|  |TAMS 0x0000000084900000, 0x0000000084900000| Untracked 
|  48|0x0000000084a00000, 0x0000000084a00000, 0x0000000084b00000|  0%| F|  |TAMS 0x0000000084a00000, 0x0000000084a00000| Untracked 
|  49|0x0000000084b00000, 0x0000000084b00000, 0x0000000084c00000|  0%| F|  |TAMS 0x0000000084b00000, 0x0000000084b00000| Untracked 
|  50|0x0000000084c00000, 0x0000000084c00000, 0x0000000084d00000|  0%| F|  |TAMS 0x0000000084c00000, 0x0000000084c00000| Untracked 
|  51|0x0000000084d00000, 0x0000000084d00000, 0x0000000084e00000|  0%| F|  |TAMS 0x0000000084d00000, 0x0000000084d00000| Untracked 
|  52|0x0000000084e00000, 0x0000000084e00000, 0x0000000084f00000|  0%| F|  |TAMS 0x0000000084e00000, 0x0000000084e00000| Untracked 
|  53|0x0000000084f00000, 0x0000000084f00000, 0x0000000085000000|  0%| F|  |TAMS 0x0000000084f00000, 0x0000000084f00000| Untracked 
|  54|0x0000000085000000, 0x0000000085000000, 0x0000000085100000|  0%| F|  |TAMS 0x0000000085000000, 0x0000000085000000| Untracked 
|  55|0x0000000085100000, 0x0000000085100000, 0x0000000085200000|  0%| F|  |TAMS 0x0000000085100000, 0x0000000085100000| Untracked 
|  56|0x0000000085200000, 0x0000000085200000, 0x0000000085300000|  0%| F|  |TAMS 0x0000000085200000, 0x0000000085200000| Untracked 
|  57|0x0000000085300000, 0x0000000085300000, 0x0000000085400000|  0%| F|  |TAMS 0x0000000085300000, 0x0000000085300000| Untracked 
|  58|0x0000000085400000, 0x0000000085400000, 0x0000000085500000|  0%| F|  |TAMS 0x0000000085400000, 0x0000000085400000| Untracked 
|  59|0x0000000085500000, 0x0000000085500000, 0x0000000085600000|  0%| F|  |TAMS 0x0000000085500000, 0x0000000085500000| Untracked 
|  60|0x0000000085600000, 0x0000000085600000, 0x0000000085700000|  0%| F|  |TAMS 0x0000000085600000, 0x0000000085600000| Untracked 
|  61|0x0000000085700000, 0x0000000085700000, 0x0000000085800000|  0%| F|  |TAMS 0x0000000085700000, 0x0000000085700000| Untracked 
|  62|0x0000000085800000, 0x0000000085800000, 0x0000000085900000|  0%| F|  |TAMS 0x0000000085800000, 0x0000000085800000| Untracked 
|  63|0x0000000085900000, 0x0000000085900000, 0x0000000085a00000|  0%| F|  |TAMS 0x0000000085900000, 0x0000000085900000| Untracked 
|  64|0x0000000085a00000, 0x0000000085a00000, 0x0000000085b00000|  0%| F|  |TAMS 0x0000000085a00000, 0x0000000085a00000| Untracked 
|  65|0x0000000085b00000, 0x0000000085b00000, 0x0000000085c00000|  0%| F|  |TAMS 0x0000000085b00000, 0x0000000085b00000| Untracked 
|  66|0x0000000085c00000, 0x0000000085c00000, 0x0000000085d00000|  0%| F|  |TAMS 0x0000000085c00000, 0x0000000085c00000| Untracked 
|  67|0x0000000085d00000, 0x0000000085d00000, 0x0000000085e00000|  0%| F|  |TAMS 0x0000000085d00000, 0x0000000085d00000| Untracked 
|  68|0x0000000085e00000, 0x0000000085e00000, 0x0000000085f00000|  0%| F|  |TAMS 0x0000000085e00000, 0x0000000085e00000| Untracked 
|  69|0x0000000085f00000, 0x0000000085f00000, 0x0000000086000000|  0%| F|  |TAMS 0x0000000085f00000, 0x0000000085f00000| Untracked 
|  70|0x0000000086000000, 0x0000000086000000, 0x0000000086100000|  0%| F|  |TAMS 0x0000000086000000, 0x0000000086000000| Untracked 
|  71|0x0000000086100000, 0x0000000086100000, 0x0000000086200000|  0%| F|  |TAMS 0x0000000086100000, 0x0000000086100000| Untracked 
|  72|0x0000000086200000, 0x0000000086200000, 0x0000000086300000|  0%| F|  |TAMS 0x0000000086200000, 0x0000000086200000| Untracked 
|  73|0x0000000086300000, 0x0000000086300000, 0x0000000086400000|  0%| F|  |TAMS 0x0000000086300000, 0x0000000086300000| Untracked 
|  74|0x0000000086400000, 0x0000000086400000, 0x0000000086500000|  0%| F|  |TAMS 0x0000000086400000, 0x0000000086400000| Untracked 
|  75|0x0000000086500000, 0x0000000086500000, 0x0000000086600000|  0%| F|  |TAMS 0x0000000086500000, 0x0000000086500000| Untracked 
|  76|0x0000000086600000, 0x0000000086600000, 0x0000000086700000|  0%| F|  |TAMS 0x0000000086600000, 0x0000000086600000| Untracked 
|  77|0x0000000086700000, 0x0000000086700000, 0x0000000086800000|  0%| F|  |TAMS 0x0000000086700000, 0x0000000086700000| Untracked 
|  78|0x0000000086800000, 0x0000000086800000, 0x0000000086900000|  0%| F|  |TAMS 0x0000000086800000, 0x0000000086800000| Untracked 
|  79|0x0000000086900000, 0x0000000086900000, 0x0000000086a00000|  0%| F|  |TAMS 0x0000000086900000, 0x0000000086900000| Untracked 
|  80|0x0000000086a00000, 0x0000000086a00000, 0x0000000086b00000|  0%| F|  |TAMS 0x0000000086a00000, 0x0000000086a00000| Untracked 
|  81|0x0000000086b00000, 0x0000000086b00000, 0x0000000086c00000|  0%| F|  |TAMS 0x0000000086b00000, 0x0000000086b00000| Untracked 
|  82|0x0000000086c00000, 0x0000000086c00000, 0x0000000086d00000|  0%| F|  |TAMS 0x0000000086c00000, 0x0000000086c00000| Untracked 
|  83|0x0000000086d00000, 0x0000000086d00000, 0x0000000086e00000|  0%| F|  |TAMS 0x0000000086d00000, 0x0000000086d00000| Untracked 
|  84|0x0000000086e00000, 0x0000000086e00000, 0x0000000086f00000|  0%| F|  |TAMS 0x0000000086e00000, 0x0000000086e00000| Untracked 
|  85|0x0000000086f00000, 0x0000000086f00000, 0x0000000087000000|  0%| F|  |TAMS 0x0000000086f00000, 0x0000000086f00000| Untracked 
|  86|0x0000000087000000, 0x0000000087000000, 0x0000000087100000|  0%| F|  |TAMS 0x0000000087000000, 0x0000000087000000| Untracked 
|  87|0x0000000087100000, 0x0000000087100000, 0x0000000087200000|  0%| F|  |TAMS 0x0000000087100000, 0x0000000087100000| Untracked 
|  88|0x0000000087200000, 0x0000000087200000, 0x0000000087300000|  0%| F|  |TAMS 0x0000000087200000, 0x0000000087200000| Untracked 
|  89|0x0000000087300000, 0x0000000087300000, 0x0000000087400000|  0%| F|  |TAMS 0x0000000087300000, 0x0000000087300000| Untracked 
|  90|0x0000000087400000, 0x0000000087400000, 0x0000000087500000|  0%| F|  |TAMS 0x0000000087400000, 0x0000000087400000| Untracked 
|  91|0x0000000087500000, 0x0000000087500000, 0x0000000087600000|  0%| F|  |TAMS 0x0000000087500000, 0x0000000087500000| Untracked 
|  92|0x0000000087600000, 0x0000000087600000, 0x0000000087700000|  0%| F|  |TAMS 0x0000000087600000, 0x0000000087600000| Untracked 
|  93|0x0000000087700000, 0x0000000087700000, 0x0000000087800000|  0%| F|  |TAMS 0x0000000087700000, 0x0000000087700000| Untracked 
|  94|0x0000000087800000, 0x0000000087800000, 0x0000000087900000|  0%| F|  |TAMS 0x0000000087800000, 0x0000000087800000| Untracked 
|  95|0x0000000087900000, 0x0000000087900000, 0x0000000087a00000|  0%| F|  |TAMS 0x0000000087900000, 0x0000000087900000| Untracked 
|  96|0x0000000087a00000, 0x0000000087a00000, 0x0000000087b00000|  0%| F|  |TAMS 0x0000000087a00000, 0x0000000087a00000| Untracked 
|  97|0x0000000087b00000, 0x0000000087b00000, 0x0000000087c00000|  0%| F|  |TAMS 0x0000000087b00000, 0x0000000087b00000| Untracked 
|  98|0x0000000087c00000, 0x0000000087c00000, 0x0000000087d00000|  0%| F|  |TAMS 0x0000000087c00000, 0x0000000087c00000| Untracked 
|  99|0x0000000087d00000, 0x0000000087d00000, 0x0000000087e00000|  0%| F|  |TAMS 0x0000000087d00000, 0x0000000087d00000| Untracked 
| 100|0x0000000087e00000, 0x0000000087e00000, 0x0000000087f00000|  0%| F|  |TAMS 0x0000000087e00000, 0x0000000087e00000| Untracked 
| 101|0x0000000087f00000, 0x0000000087f00000, 0x0000000088000000|  0%| F|  |TAMS 0x0000000087f00000, 0x0000000087f00000| Untracked 
| 102|0x0000000088000000, 0x0000000088000000, 0x0000000088100000|  0%| F|  |TAMS 0x0000000088000000, 0x0000000088000000| Untracked 
| 103|0x0000000088100000, 0x0000000088100000, 0x0000000088200000|  0%| F|  |TAMS 0x0000000088100000, 0x0000000088100000| Untracked 
| 104|0x0000000088200000, 0x0000000088200000, 0x0000000088300000|  0%| F|  |TAMS 0x0000000088200000, 0x0000000088200000| Untracked 
| 105|0x0000000088300000, 0x0000000088300000, 0x0000000088400000|  0%| F|  |TAMS 0x0000000088300000, 0x0000000088300000| Untracked 
| 106|0x0000000088400000, 0x0000000088400000, 0x0000000088500000|  0%| F|  |TAMS 0x0000000088400000, 0x0000000088400000| Untracked 
| 107|0x0000000088500000, 0x0000000088500000, 0x0000000088600000|  0%| F|  |TAMS 0x0000000088500000, 0x0000000088500000| Untracked 
| 108|0x0000000088600000, 0x0000000088600000, 0x0000000088700000|  0%| F|  |TAMS 0x0000000088600000, 0x0000000088600000| Untracked 
| 109|0x0000000088700000, 0x0000000088700000, 0x0000000088800000|  0%| F|  |TAMS 0x0000000088700000, 0x0000000088700000| Untracked 
| 110|0x0000000088800000, 0x0000000088800000, 0x0000000088900000|  0%| F|  |TAMS 0x0000000088800000, 0x0000000088800000| Untracked 
| 111|0x0000000088900000, 0x0000000088900000, 0x0000000088a00000|  0%| F|  |TAMS 0x0000000088900000, 0x0000000088900000| Untracked 
| 112|0x0000000088a00000, 0x0000000088a00000, 0x0000000088b00000|  0%| F|  |TAMS 0x0000000088a00000, 0x0000000088a00000| Untracked 
| 113|0x0000000088b00000, 0x0000000088b00000, 0x0000000088c00000|  0%| F|  |TAMS 0x0000000088b00000, 0x0000000088b00000| Untracked 
| 114|0x0000000088c00000, 0x0000000088c00000, 0x0000000088d00000|  0%| F|  |TAMS 0x0000000088c00000, 0x0000000088c00000| Untracked 
| 115|0x0000000088d00000, 0x0000000088d00000, 0x0000000088e00000|  0%| F|  |TAMS 0x0000000088d00000, 0x0000000088d00000| Untracked 
| 116|0x0000000088e00000, 0x0000000088e00000, 0x0000000088f00000|  0%| F|  |TAMS 0x0000000088e00000, 0x0000000088e00000| Untracked 
| 117|0x0000000088f00000, 0x0000000088f00000, 0x0000000089000000|  0%| F|  |TAMS 0x0000000088f00000, 0x0000000088f00000| Untracked 
| 118|0x0000000089000000, 0x0000000089000000, 0x0000000089100000|  0%| F|  |TAMS 0x0000000089000000, 0x0000000089000000| Untracked 
| 119|0x0000000089100000, 0x0000000089100000, 0x0000000089200000|  0%| F|  |TAMS 0x0000000089100000, 0x0000000089100000| Untracked 
| 120|0x0000000089200000, 0x0000000089200000, 0x0000000089300000|  0%| F|  |TAMS 0x0000000089200000, 0x0000000089200000| Untracked 
| 121|0x0000000089300000, 0x0000000089300000, 0x0000000089400000|  0%| F|  |TAMS 0x0000000089300000, 0x0000000089300000| Untracked 
| 122|0x0000000089400000, 0x0000000089400000, 0x0000000089500000|  0%| F|  |TAMS 0x0000000089400000, 0x0000000089400000| Untracked 
| 123|0x0000000089500000, 0x0000000089500000, 0x0000000089600000|  0%| F|  |TAMS 0x0000000089500000, 0x0000000089500000| Untracked 
| 124|0x0000000089600000, 0x0000000089600000, 0x0000000089700000|  0%| F|  |TAMS 0x0000000089600000, 0x0000000089600000| Untracked 
| 125|0x0000000089700000, 0x0000000089743110, 0x0000000089800000| 26%| E|  |TAMS 0x0000000089700000, 0x0000000089700000| Complete 
| 126|0x0000000089800000, 0x0000000089900000, 0x0000000089900000|100%| E|CS|TAMS 0x0000000089800000, 0x0000000089800000| Complete 
| 127|0x0000000089900000, 0x0000000089a00000, 0x0000000089a00000|100%| E|CS|TAMS 0x0000000089900000, 0x0000000089900000| Complete 

Card table byte_map: [0x0000015df2d20000,0x0000015df3120000] _byte_map_base: 0x0000015df2913000

Marking Bits (Prev, Next): (CMBitMap*) 0x0000015deaa11720, (CMBitMap*) 0x0000015deaa11760
 Prev Bits: [0x0000015df3520000, 0x0000015df54b8000)
 Next Bits: [0x0000015df54c0000, 0x0000015df7458000)

Polling page: 0x0000015de8910000

Metaspace:

Usage:
  Non-class:      5.96 MB used.
      Class:    546.19 KB used.
       Both:      6.49 MB used.

Virtual space:
  Non-class space:       64.00 MB reserved,       6.00 MB (  9%) committed,  1 nodes.
      Class space:        1.00 GB reserved,     576.00 KB ( <1%) committed,  1 nodes.
             Both:        1.06 GB reserved,       6.56 MB ( <1%) committed. 

Chunk freelists:
   Non-Class:  2.02 MB
       Class:  3.25 MB
        Both:  5.27 MB

MaxMetaspaceSize: unlimited
CompressedClassSpaceSize: 1.00 GB
Initial GC threshold: 21.00 MB
Current GC threshold: 21.00 MB
CDS: off
MetaspaceReclaimPolicy: balanced
 - commit_granule_bytes: 65536.
 - commit_granule_words: 8192.
 - virtual_space_node_default_size: 8388608.
 - enlarge_chunks_in_place: 1.
 - new_chunks_are_fully_committed: 0.
 - uncommit_free_chunks: 1.
 - use_allocation_guard: 0.


Internal statistics:

num_allocs_failed_limit: 0.
num_arena_births: 10.
num_arena_deaths: 0.
num_vsnodes_births: 2.
num_vsnodes_deaths: 0.
num_space_committed: 105.
num_space_uncommitted: 0.
num_chunks_returned_to_freelist: 0.
num_chunks_taken_from_freelist: 25.
num_chunk_merges: 0.
num_chunk_splits: 9.
num_chunks_enlarged: 4.
num_inconsistent_stats: 0.

CodeHeap 'non-profiled nmethods': size=120000Kb used=38Kb max_used=38Kb free=119961Kb
 bounds [0x0000015d87ad0000, 0x0000015d87d40000, 0x0000015d8f000000]
CodeHeap 'profiled nmethods': size=120000Kb used=149Kb max_used=149Kb free=119850Kb
 bounds [0x0000015d80000000, 0x0000015d80270000, 0x0000015d87530000]
CodeHeap 'non-nmethods': size=5760Kb used=1193Kb max_used=1202Kb free=4566Kb
 bounds [0x0000015d87530000, 0x0000015d877a0000, 0x0000015d87ad0000]
 total_blobs=525 nmethods=134 adapters=302
 compilation: enabled
              stopped_count=0, restarted_count=0
 full_count=0

Compilation events (20 events):
Event: 0.495 Thread 0x0000015d931bd6d0 nmethod 124 0x0000015d80021f10 code [0x0000015d80022140, 0x0000015d800228f8]
Event: 0.496 Thread 0x0000015d931bd6d0  126       3       java.lang.Math::max (11 bytes)
Event: 0.496 Thread 0x0000015d931bd6d0 nmethod 126 0x0000015d80022b90 code [0x0000015d80022d20, 0x0000015d80022e58]
Event: 0.496 Thread 0x0000015d931bd6d0  127       3       java.lang.invoke.MethodType::methodType (69 bytes)
Event: 0.497 Thread 0x0000015d931bd6d0 nmethod 127 0x0000015d80022f10 code [0x0000015d80023120, 0x0000015d80023618]
Event: 0.497 Thread 0x0000015d931bd6d0  128       3       java.lang.AbstractStringBuilder::<init> (39 bytes)
Event: 0.498 Thread 0x0000015d931bd6d0 nmethod 128 0x0000015d80023790 code [0x0000015d80023940, 0x0000015d80023bb8]
Event: 0.498 Thread 0x0000015d931bd6d0  130       3       java.lang.invoke.MethodType::parameterType (7 bytes)
Event: 0.498 Thread 0x0000015d931bd6d0 nmethod 130 0x0000015d80023c90 code [0x0000015d80023e20, 0x0000015d80023f58]
Event: 0.498 Thread 0x0000015d931bd6d0  129       3       java.lang.StringBuilder::toString (9 bytes)
Event: 0.498 Thread 0x0000015d931bd6d0 nmethod 129 0x0000015d80024010 code [0x0000015d800241c0, 0x0000015d800243c8]
Event: 0.504 Thread 0x0000015d931bd6d0  131       3       java.lang.StringLatin1::newString (24 bytes)
Event: 0.505 Thread 0x0000015d931bd6d0 nmethod 131 0x0000015d80024490 code [0x0000015d80024660, 0x0000015d80024968]
Event: 0.505 Thread 0x0000015d931bd6d0  132       1       java.lang.Integer::intValue (5 bytes)
Event: 0.505 Thread 0x0000015d931bd6d0 nmethod 132 0x0000015d87ad9490 code [0x0000015d87ad9620, 0x0000015d87ad96d8]
Event: 0.505 Thread 0x0000015d9313f730  133       4       java.lang.String::charAt (25 bytes)
Event: 0.505 Thread 0x0000015d931bd6d0  134       3       java.lang.String::substring (58 bytes)
Event: 0.506 Thread 0x0000015d931bd6d0 nmethod 134 0x0000015d80024a90 code [0x0000015d80024ca0, 0x0000015d800252a8]
Event: 0.506 Thread 0x0000015d9313f730 nmethod 133 0x0000015d87ad9790 code [0x0000015d87ad9920, 0x0000015d87ad9a18]
Event: 0.507 Thread 0x0000015d931bd6d0  135   !   3       sun.nio.fs.WindowsPath::initOffsets (153 bytes)

GC Heap History (0 events):
No events

Dll operation events (4 events):
Event: 0.006 Loaded shared library C:\Program Files\Java\jdk-19\bin\java.dll
Event: 0.114 Loaded shared library C:\Program Files\Java\jdk-19\bin\jsvml.dll
Event: 0.456 Loaded shared library C:\Program Files\Java\jdk-19\bin\net.dll
Event: 0.458 Loaded shared library C:\Program Files\Java\jdk-19\bin\nio.dll

Deoptimization events (0 events):
No events

Classes loaded (20 events):
Event: 0.500 Loading class java/util/stream/ReduceOps$AccumulatingSink done
Event: 0.500 Loading class java/util/stream/ReduceOps$Box
Event: 0.500 Loading class java/util/stream/ReduceOps$Box done
Event: 0.500 Loading class java/util/stream/ReduceOps$3ReducingSink done
Event: 0.500 Loading class java/util/stream/ReferencePipeline$2$1
Event: 0.500 Loading class java/util/stream/ReferencePipeline$2$1 done
Event: 0.500 Loading class sun/nio/fs/WindowsPath$WindowsPathWithAttributes
Event: 0.500 Loading class sun/nio/fs/BasicFileAttributesHolder
Event: 0.500 Loading class sun/nio/fs/BasicFileAttributesHolder done
Event: 0.501 Loading class sun/nio/fs/WindowsPath$WindowsPathWithAttributes done
Event: 0.501 Loading class jdk/internal/module/Checks
Event: 0.503 Loading class jdk/internal/module/Checks done
Event: 0.503 Loading class java/util/stream/Streams$StreamBuilderImpl
Event: 0.503 Loading class java/util/stream/Stream$Builder
Event: 0.503 Loading class java/util/stream/Stream$Builder done
Event: 0.503 Loading class java/util/stream/Streams$AbstractStreamBuilderImpl
Event: 0.504 Loading class java/util/stream/Streams$AbstractStreamBuilderImpl done
Event: 0.504 Loading class java/util/stream/Streams$StreamBuilderImpl done
Event: 0.504 Loading class java/util/stream/Streams
Event: 0.504 Loading class java/util/stream/Streams done

Classes unloaded (0 events):
No events

Classes redefined (0 events):
No events

Internal exceptions (2 events):
Event: 0.427 Thread 0x0000015df98e96a0 Exception <a 'java/lang/StackOverflowError'{0x0000000089843500}> (0x0000000089843500) 
thrown [s\open\src\hotspot\share\interpreter\interpreterRuntime.cpp, line 374]
Event: 0.474 Thread 0x0000015dea9b28d0 Exception <a 'java/lang/NoSuchMethodError'{0x0000000089835de8}: 'void java.lang.invoke.DirectMethodHandle$Holder.invokeVirtual(java.lang.Object, java.lang.Object)'> (0x0000000089835de8) 
thrown [s\open\src\hotspot\share\interpreter\linkResolver.cpp, line 774]

VM Operations (0 events):
No events

Events (12 events):
Event: 0.114 Thread 0x0000015dea9b28d0 Thread added: 0x0000015dea9b28d0
Event: 0.210 Thread 0x0000015df998e140 Thread added: 0x0000015df998e140
Event: 0.210 Thread 0x0000015d9315cbc0 Thread added: 0x0000015d9315cbc0
Event: 0.217 Thread 0x0000015d93166a60 Thread added: 0x0000015d93166a60
Event: 0.217 Thread 0x0000015d9313d870 Thread added: 0x0000015d9313d870
Event: 0.217 Thread 0x0000015d9313e1a0 Thread added: 0x0000015d9313e1a0
Event: 0.217 Thread 0x0000015d9313ead0 Thread added: 0x0000015d9313ead0
Event: 0.217 Thread 0x0000015d9313f730 Thread added: 0x0000015d9313f730
Event: 0.233 Thread 0x0000015d931bd6d0 Thread added: 0x0000015d931bd6d0
Event: 0.235 Thread 0x0000015d931c2410 Thread added: 0x0000015d931c2410
Event: 0.426 Thread 0x0000015df98e96a0 Thread added: 0x0000015df98e96a0
Event: 0.434 Thread 0x0000015df98e96a0 Thread exited: 0x0000015df98e96a0


Dynamic libraries:
0x00007ff728730000 - 0x00007ff728740000 	C:\Program Files\Java\jdk-19\bin\javaw.exe
0x00007fff83270000 - 0x00007fff83468000 	C:\Windows\SYSTEM32\ntdll.dll
0x00007fff81500000 - 0x00007fff815c1000 	C:\Windows\System32\KERNEL32.DLL
0x00007fff80920000 - 0x00007fff80c16000 	C:\Windows\System32\KERNELBASE.dll
0x00007fff80f90000 - 0x00007fff81090000 	C:\Windows\System32\ucrtbase.dll
0x00007fff75890000 - 0x00007fff758a8000 	C:\Program Files\Java\jdk-19\bin\jli.dll
0x00007fff75380000 - 0x00007fff7539b000 	C:\Program Files\Java\jdk-19\bin\VCRUNTIME140.dll
0x00007fff81440000 - 0x00007fff814f0000 	C:\Windows\System32\ADVAPI32.dll
0x00007fff81e90000 - 0x00007fff81f2e000 	C:\Windows\System32\msvcrt.dll
0x00007fff820c0000 - 0x00007fff82160000 	C:\Windows\System32\sechost.dll
0x00007fff82df0000 - 0x00007fff82f13000 	C:\Windows\System32\RPCRT4.dll
0x00007fff80d80000 - 0x00007fff80da7000 	C:\Windows\System32\bcrypt.dll
0x00007fff812a0000 - 0x00007fff8143f000 	C:\Windows\System32\USER32.dll
0x00007fff80e60000 - 0x00007fff80e82000 	C:\Windows\System32\win32u.dll
0x00007fff82310000 - 0x00007fff8233b000 	C:\Windows\System32\GDI32.dll
0x00007fff699f0000 - 0x00007fff69c8a000 	C:\Windows\WinSxS\amd64_microsoft.windows.common-controls_6595b64144ccf1df_6.0.19041.4355_none_60b8b9eb71f62e16\COMCTL32.dll
0x00007fff81180000 - 0x00007fff81297000 	C:\Windows\System32\gdi32full.dll
0x00007fff81090000 - 0x00007fff8112d000 	C:\Windows\System32\msvcp_win.dll
0x00007fff77c40000 - 0x00007fff77c4a000 	C:\Windows\SYSTEM32\VERSION.dll
0x00007fff823a0000 - 0x00007fff823cf000 	C:\Windows\System32\IMM32.DLL
0x00007fff77cd0000 - 0x00007fff77cdc000 	C:\Program Files\Java\jdk-19\bin\vcruntime140_1.dll
0x00007fff4d310000 - 0x00007fff4d39e000 	C:\Program Files\Java\jdk-19\bin\msvcp140.dll
0x00007fff19ba0000 - 0x00007fff1a860000 	C:\Program Files\Java\jdk-19\bin\server\jvm.dll
0x00007fff66660000 - 0x00007fff66687000 	C:\Windows\SYSTEM32\WINMM.dll
0x00007fff778e0000 - 0x00007fff778e9000 	C:\Windows\SYSTEM32\WSOCK32.dll
0x00007fff82d80000 - 0x00007fff82deb000 	C:\Windows\System32\WS2_32.dll
0x00007fff7f130000 - 0x00007fff7f142000 	C:\Windows\SYSTEM32\kernel.appcore.dll
0x00007fff778a0000 - 0x00007fff778aa000 	C:\Program Files\Java\jdk-19\bin\jimage.dll
0x00007fff7b650000 - 0x00007fff7b834000 	C:\Windows\SYSTEM32\DBGHELP.DLL
0x00007fff65bc0000 - 0x00007fff65bf4000 	C:\Windows\SYSTEM32\dbgcore.DLL
0x00007fff80f00000 - 0x00007fff80f82000 	C:\Windows\System32\bcryptPrimitives.dll
0x00007fff6fd10000 - 0x00007fff6fd36000 	C:\Program Files\Java\jdk-19\bin\java.dll
0x00007fff4d0a0000 - 0x00007fff4d177000 	C:\Program Files\Java\jdk-19\bin\jsvml.dll
0x00007fff82610000 - 0x00007fff82d7c000 	C:\Windows\System32\SHELL32.dll
0x00007fff7b840000 - 0x00007fff7bfde000 	C:\Windows\SYSTEM32\windows.storage.dll
0x00007fff81b10000 - 0x00007fff81e63000 	C:\Windows\System32\combase.dll
0x00007fff80270000 - 0x00007fff8029e000 	C:\Windows\SYSTEM32\Wldp.dll
0x00007fff81a40000 - 0x00007fff81b0d000 	C:\Windows\System32\OLEAUT32.dll
0x00007fff82560000 - 0x00007fff8260d000 	C:\Windows\System32\SHCORE.dll
0x00007fff822a0000 - 0x00007fff822f5000 	C:\Windows\System32\shlwapi.dll
0x00007fff80850000 - 0x00007fff80874000 	C:\Windows\SYSTEM32\profapi.dll
0x00007fff75060000 - 0x00007fff75073000 	C:\Program Files\Java\jdk-19\bin\net.dll
0x00007fff770f0000 - 0x00007fff771fa000 	C:\Windows\SYSTEM32\WINHTTP.dll
0x00007fff7ffd0000 - 0x00007fff8003a000 	C:\Windows\system32\mswsock.dll
0x00007fff6ba50000 - 0x00007fff6ba66000 	C:\Program Files\Java\jdk-19\bin\nio.dll

dbghelp: loaded successfully - version: 4.0.5 - missing functions: none
symbol engine: initialized successfully - sym options: 0x614 - pdb path: .;C:\Program Files\Java\jdk-19\bin;C:\Windows\SYSTEM32;C:\Windows\WinSxS\amd64_microsoft.windows.common-controls_6595b64144ccf1df_6.0.19041.4355_none_60b8b9eb71f62e16;C:\Program Files\Java\jdk-19\bin\server

VM Arguments:
jvm_args: -Dfile.encoding=UTF-8 -Dstdout.encoding=UTF-8 -Dstderr.encoding=UTF-8 --module-path=D:\Class\Questions\bin -XX:+ShowCodeDetailsInExceptionMessages -Djdk.module.main=Questions 
java_command: Questions/Array.Arr_In
java_class_path (initial): <not set>
Launcher Type: SUN_STANDARD

[Global flags]
     intx CICompilerCount                          = 3                                         {product} {ergonomic}
     uint ConcGCThreads                            = 1                                         {product} {ergonomic}
     uint G1ConcRefinementThreads                  = 4                                         {product} {ergonomic}
   size_t G1HeapRegionSize                         = 1048576                                   {product} {ergonomic}
    uintx GCDrainStackTargetSize                   = 64                                        {product} {ergonomic}
   size_t InitialHeapSize                          = 134217728                                 {product} {ergonomic}
   size_t MarkStackSize                            = 4194304                                   {product} {ergonomic}
   size_t MaxHeapSize                              = 2120220672                                {product} {ergonomic}
   size_t MaxNewSize                               = 1271922688                                {product} {ergonomic}
   size_t MinHeapDeltaBytes                        = 1048576                                   {product} {ergonomic}
   size_t MinHeapSize                              = 8388608                                   {product} {ergonomic}
    uintx NonNMethodCodeHeapSize                   = 5832780                                {pd product} {ergonomic}
    uintx NonProfiledCodeHeapSize                  = 122912730                              {pd product} {ergonomic}
    uintx ProfiledCodeHeapSize                     = 122912730                              {pd product} {ergonomic}
    uintx ReservedCodeCacheSize                    = 251658240                              {pd product} {ergonomic}
     bool SegmentedCodeCache                       = true                                      {product} {ergonomic}
     bool ShowCodeDetailsInExceptionMessages       = true                                   {manageable} {command line}
   size_t SoftMaxHeapSize                          = 2120220672                             {manageable} {ergonomic}
     bool UseCompressedClassPointers               = true                           {product lp64_product} {ergonomic}
     bool UseCompressedOops                        = true                           {product lp64_product} {ergonomic}
     bool UseG1GC                                  = true                                      {product} {ergonomic}
     bool UseLargePagesIndividualAllocation        = false                                  {pd product} {ergonomic}

Logging:
Log output configuration:
 #0: stdout all=warning uptime,level,tags foldmultilines=false
 #1: stderr all=off uptime,level,tags foldmultilines=false

Environment Variables:
JAVA_HOME=C:\Program Files\Java\jdk-19
PATH=C:\Program Files\Common Files\Oracle\Java\javapath;C:\Windows\system32;C:\Windows;C:\Windows\System32\Wbem;C:\Windows\System32\WindowsPowerShell\v1.0\;C:\Windows\System32\OpenSSH\;%JAVA_HOME\BIN;C:\Program Files\MySQL\MySQL Server 8.0\bin;C:\Program Files\Git\cmd;C:\ProgramData\chocolatey\bin;C:\Program Files\nodejs\;C:\Program Files\MongoDB\Server\7.0\bin;C:\Program Files\MiKTeX\miktex\bin\x64\;C:\Program Files\MySQL\MySQL Shell 8.0\bin\;C:\Users\hp\AppData\Local\Programs\Python\Python310\Scripts\;C:\Users\hp\AppData\Local\Programs\Python\Python310\;C:\Users\hp\AppData\Local\Microsoft\WindowsApps;C:\Users\hp\AppData\Local\Programs\Microsoft VS Code\bin;C:\Users\hp\AppData\Roaming\npm;C:\Program Files\mongosh\
USERNAME=hp
OS=Windows_NT
PROCESSOR_IDENTIFIER=Intel64 Family 6 Model 142 Stepping 9, GenuineIntel
TMP=C:\Users\hp\AppData\Local\Temp
TEMP=C:\Users\hp\AppData\Local\Temp



---------------  S Y S T E M  ---------------

OS:
 Windows 10 , 64 bit Build 19041 (10.0.19041.4597)
OS uptime: 0 days 6:12 hours

CPU: total 4 (initial active 4) (2 cores per cpu, 2 threads per core) family 6 model 142 stepping 9 microcode 0xf0, cx8, cmov, fxsr, ht, mmx, 3dnowpref, sse, sse2, sse3, ssse3, sse4.1, sse4.2, popcnt, lzcnt, tsc, tscinvbit, avx, avx2, aes, erms, clmul, bmi1, bmi2, adx, fma, vzeroupper, clflush, clflushopt, rdtscp

Memory: 4k page, system-wide physical 8083M (1224M free)
TotalPageFile size 12514M (AvailPageFile size 1M)
current process WorkingSet (physical memory assigned to process): 31M, peak: 31M
current process commit charge ("private bytes"): 197M, peak: 197M

vm_info: Java HotSpot(TM) 64-Bit Server VM (19.0.1+10-21) for windows-amd64 JRE (19.0.1+10-21), built on 2022-09-14T12:45:06Z by "mach5one" with MS VC++ 17.1 (VS2022)

END.
